
> rest-express@1.0.0 dev
> concurrently "NODE_ENV=development tsx server/index.ts" "vite --host 0.0.0.0 --port 5173"

[1] Port 5173 is in use, trying another one...
[1] Port 5174 is in use, trying another one...
[1] Port 5175 is in use, trying another one...
[1] 
[1]   VITE v5.4.19  ready in 224 ms
[1] 
[1]   ➜  Local:   http://localhost:5176/
[1]   ➜  Network: http://192.168.0.134:5176/
[0] [dotenv@17.0.1] injecting env (13) from .env – [tip] encrypt with dotenvx: https://dotenvx.com
[0] [dotenv@17.0.1] injecting env (0) from .env – [tip] encrypt with dotenvx: https://dotenvx.com
[0] 🔧 Setting up Google OAuth strategy...
[0] ✅ Google OAuth configured successfully
[0] AUDIT LOG: {
[0]   "timestamp": "2025-07-12T16:08:35.344Z",
[0]   "userId": "admin_1751844816911_5b1tm5hvo",
[0]   "action": "emergency_login_success",
[0]   "resource": "authentication",
[0]   "resourceId": "admin_1751844816911_5b1tm5hvo",
[0]   "details": {
[0]     "email": "admin@allarco.com",
[0]     "method": "emergency_bypass"
[0]   },
[0]   "ipAddress": "::ffff:127.0.0.1",
[0]   "userAgent": "curl/7.78.0",
[0]   "success": true
[0] }
[0] 8:53:17 PM [vite] hmr update /s[1] vite --host 0.0.0.0 --port 5173 exited with code 0
9NP
[0] NODE_ENV=development tsx server/index.ts exited with code 143
[1] vite --host 0.0.0.0 --port 5173 exited with code 0
